0 info it worked if it ends with ok
1 verbose cli [ 'node', '/usr/local/bin/npm', 'run', 'test' ]
2 info using npm@2.0.2
3 info using node@v0.10.32
4 verbose node symlink /usr/local/bin/node
5 verbose run-script [ 'pretest', 'test', 'posttest' ]
6 info pretest Calculator@0.0.0
7 info test Calculator@0.0.0
8 verbose unsafe-perm in lifecycle true
9 info Calculator@0.0.0 Failed to exec test script
10 verbose stack Error: Calculator@0.0.0 test: `./node_modules/karma/bin/karma start karma.js --single-run --reporters progress`
10 verbose stack Exit status 1
10 verbose stack     at ChildProcess.<anonymous> (/usr/local/lib/node_modules/npm/lib/utils/lifecycle.js:212:16)
10 verbose stack     at ChildProcess.emit (events.js:98:17)
10 verbose stack     at maybeClose (child_process.js:756:16)
10 verbose stack     at Process.ChildProcess._handle.onexit (child_process.js:823:5)
11 verbose pkgid Calculator@0.0.0
12 verbose cwd /Users/GgS/Work/ng-calculator
13 error Darwin 14.1.0
14 error argv "node" "/usr/local/bin/npm" "run" "test"
15 error node v0.10.32
16 error npm  v2.0.2
17 error code ELIFECYCLE
18 error Calculator@0.0.0 test: `./node_modules/karma/bin/karma start karma.js --single-run --reporters progress`
18 error Exit status 1
19 error Failed at the Calculator@0.0.0 test script.
19 error This is most likely a problem with the Calculator package,
19 error not with npm itself.
19 error Tell the author that this fails on your system:
19 error     ./node_modules/karma/bin/karma start karma.js --single-run --reporters progress
19 error You can get their info via:
19 error     npm owner ls Calculator
19 error There is likely additional logging output above.
20 verbose exit [ 1, true ]
